[DEBUG] [24/11/2022 19:10:29[main] BaseTest:com.ex.ui.BaseTest.setUp(BaseTest.java:16)] - 
This is webdriver inits
[DEBUG] [24/11/2022 19:10:30[main] InternalLoggerFactory:io.netty.util.internal.logging.InternalLoggerFactory.useLog4J2LoggerFactory(InternalLoggerFactory.java:76)] - 
Using Log4J2 as the default logging framework
[DEBUG] [24/11/2022 19:10:30[main] ResourceLeakDetector:io.netty.util.ResourceLeakDetector.<clinit>(ResourceLeakDetector.java:129)] - 
-Dio.netty.leakDetection.level: simple
[DEBUG] [24/11/2022 19:10:30[main] ResourceLeakDetector:io.netty.util.ResourceLeakDetector.<clinit>(ResourceLeakDetector.java:130)] - 
-Dio.netty.leakDetection.targetRecords: 4
[DEBUG] [24/11/2022 19:10:30[main] ResourceLeakDetectorFactory:io.netty.util.ResourceLeakDetectorFactory$DefaultResourceLeakDetectorFactory.newResourceLeakDetector(ResourceLeakDetectorFactory.java:196)] - 
Loaded default ResourceLeakDetector: io.netty.util.ResourceLeakDetector@5348d83c
[DEBUG] [24/11/2022 19:10:30[main] PlatformDependent0:io.netty.util.internal.PlatformDependent0.explicitNoUnsafeCause0(PlatformDependent0.java:460)] - 
-Dio.netty.noUnsafe: false
[DEBUG] [24/11/2022 19:10:30[main] PlatformDependent0:io.netty.util.internal.PlatformDependent0.javaVersion0(PlatformDependent0.java:954)] - 
Java version: 8
[DEBUG] [24/11/2022 19:10:30[main] PlatformDependent0:io.netty.util.internal.PlatformDependent0.<clinit>(PlatformDependent0.java:135)] - 
sun.misc.Unsafe.theUnsafe: available
[DEBUG] [24/11/2022 19:10:30[main] PlatformDependent0:io.netty.util.internal.PlatformDependent0.<clinit>(PlatformDependent0.java:159)] - 
sun.misc.Unsafe.copyMemory: available
[DEBUG] [24/11/2022 19:10:30[main] PlatformDependent0:io.netty.util.internal.PlatformDependent0.<clinit>(PlatformDependent0.java:202)] - 
java.nio.Buffer.address: available
[DEBUG] [24/11/2022 19:10:30[main] PlatformDependent0:io.netty.util.internal.PlatformDependent0.<clinit>(PlatformDependent0.java:272)] - 
direct buffer constructor: available
[DEBUG] [24/11/2022 19:10:30[main] PlatformDependent0:io.netty.util.internal.PlatformDependent0.<clinit>(PlatformDependent0.java:350)] - 
java.nio.Bits.unaligned: available, true
[DEBUG] [24/11/2022 19:10:30[main] PlatformDependent0:io.netty.util.internal.PlatformDependent0.<clinit>(PlatformDependent0.java:424)] - 
jdk.internal.misc.Unsafe.allocateUninitializedArray(int): unavailable prior to Java9
[DEBUG] [24/11/2022 19:10:30[main] PlatformDependent0:io.netty.util.internal.PlatformDependent0.<clinit>(PlatformDependent0.java:446)] - 
java.nio.DirectByteBuffer.<init>(long, int): available
[DEBUG] [24/11/2022 19:10:30[main] PlatformDependent:io.netty.util.internal.PlatformDependent.unsafeUnavailabilityCause0(PlatformDependent.java:1103)] - 
sun.misc.Unsafe: available
[DEBUG] [24/11/2022 19:10:30[main] PlatformDependent:io.netty.util.internal.PlatformDependent.tmpdir0(PlatformDependent.java:1224)] - 
-Dio.netty.tmpdir: /tmp (java.io.tmpdir)
[DEBUG] [24/11/2022 19:10:30[main] PlatformDependent:io.netty.util.internal.PlatformDependent.bitMode0(PlatformDependent.java:1303)] - 
-Dio.netty.bitMode: 64 (sun.arch.data.model)
[DEBUG] [24/11/2022 19:10:30[main] PlatformDependent:io.netty.util.internal.PlatformDependent.<clinit>(PlatformDependent.java:178)] - 
-Dio.netty.maxDirectMemory: 1827143680 bytes
[DEBUG] [24/11/2022 19:10:30[main] PlatformDependent:io.netty.util.internal.PlatformDependent.<clinit>(PlatformDependent.java:185)] - 
-Dio.netty.uninitializedArrayAllocationThreshold: -1
[DEBUG] [24/11/2022 19:10:30[main] CleanerJava6:io.netty.util.internal.CleanerJava6.<clinit>(CleanerJava6.java:92)] - 
java.nio.ByteBuffer.cleaner(): available
[DEBUG] [24/11/2022 19:10:30[main] PlatformDependent:io.netty.util.internal.PlatformDependent.<clinit>(PlatformDependent.java:205)] - 
-Dio.netty.noPreferDirect: false
[DEBUG] [24/11/2022 19:10:30[main] PlatformDependent:io.netty.util.internal.PlatformDependent$Mpsc.<clinit>(PlatformDependent.java:967)] - 
org.jctools-core.MpscChunkedArrayQueue: available
[DEBUG] [24/11/2022 19:10:30[main] InternalThreadLocalMap:io.netty.util.internal.InternalThreadLocalMap.<clinit>(InternalThreadLocalMap.java:83)] - 
-Dio.netty.threadLocalMap.stringBuilder.initialSize: 1024
[DEBUG] [24/11/2022 19:10:30[main] InternalThreadLocalMap:io.netty.util.internal.InternalThreadLocalMap.<clinit>(InternalThreadLocalMap.java:86)] - 
-Dio.netty.threadLocalMap.stringBuilder.maxSize: 4096
[DEBUG] [24/11/2022 19:10:30[main] JdkSslContext:io.netty.handler.ssl.JdkSslContext.<clinit>(JdkSslContext.java:97)] - 
Default protocols (JDK): [TLSv1.3, TLSv1.2] 
[DEBUG] [24/11/2022 19:10:30[main] JdkSslContext:io.netty.handler.ssl.JdkSslContext.<clinit>(JdkSslContext.java:98)] - 
Default cipher suites (JDK): [TLS_ECDHE_ECDSA_WITH_AES_256_GCM_SHA384, TLS_ECDHE_ECDSA_WITH_AES_128_GCM_SHA256, TLS_ECDHE_RSA_WITH_AES_128_GCM_SHA256, TLS_ECDHE_RSA_WITH_AES_256_GCM_SHA384, TLS_ECDHE_RSA_WITH_AES_128_CBC_SHA, TLS_ECDHE_RSA_WITH_AES_256_CBC_SHA, TLS_RSA_WITH_AES_128_GCM_SHA256, TLS_RSA_WITH_AES_128_CBC_SHA, TLS_RSA_WITH_AES_256_CBC_SHA, TLS_AES_128_GCM_SHA256, TLS_AES_256_GCM_SHA384]
[DEBUG] [24/11/2022 19:10:30[main] MultithreadEventLoopGroup:io.netty.channel.MultithreadEventLoopGroup.<clinit>(MultithreadEventLoopGroup.java:44)] - 
-Dio.netty.eventLoopThreads: 16
[DEBUG] [24/11/2022 19:10:30[main] NioEventLoop:io.netty.channel.nio.NioEventLoop.<clinit>(NioEventLoop.java:106)] - 
-Dio.netty.noKeySetOptimization: false
[DEBUG] [24/11/2022 19:10:30[main] NioEventLoop:io.netty.channel.nio.NioEventLoop.<clinit>(NioEventLoop.java:107)] - 
-Dio.netty.selectorAutoRebuildThreshold: 512
[DEBUG] [24/11/2022 19:10:30[main] PooledByteBufAllocator:io.netty.buffer.PooledByteBufAllocator.<clinit>(PooledByteBufAllocator.java:155)] - 
-Dio.netty.allocator.numHeapArenas: 16
[DEBUG] [24/11/2022 19:10:30[main] PooledByteBufAllocator:io.netty.buffer.PooledByteBufAllocator.<clinit>(PooledByteBufAllocator.java:156)] - 
-Dio.netty.allocator.numDirectArenas: 16
[DEBUG] [24/11/2022 19:10:30[main] PooledByteBufAllocator:io.netty.buffer.PooledByteBufAllocator.<clinit>(PooledByteBufAllocator.java:158)] - 
-Dio.netty.allocator.pageSize: 8192
[DEBUG] [24/11/2022 19:10:30[main] PooledByteBufAllocator:io.netty.buffer.PooledByteBufAllocator.<clinit>(PooledByteBufAllocator.java:163)] - 
-Dio.netty.allocator.maxOrder: 11
[DEBUG] [24/11/2022 19:10:30[main] PooledByteBufAllocator:io.netty.buffer.PooledByteBufAllocator.<clinit>(PooledByteBufAllocator.java:167)] - 
-Dio.netty.allocator.chunkSize: 16777216
[DEBUG] [24/11/2022 19:10:30[main] PooledByteBufAllocator:io.netty.buffer.PooledByteBufAllocator.<clinit>(PooledByteBufAllocator.java:168)] - 
-Dio.netty.allocator.smallCacheSize: 256
[DEBUG] [24/11/2022 19:10:30[main] PooledByteBufAllocator:io.netty.buffer.PooledByteBufAllocator.<clinit>(PooledByteBufAllocator.java:169)] - 
-Dio.netty.allocator.normalCacheSize: 64
[DEBUG] [24/11/2022 19:10:30[main] PooledByteBufAllocator:io.netty.buffer.PooledByteBufAllocator.<clinit>(PooledByteBufAllocator.java:170)] - 
-Dio.netty.allocator.maxCachedBufferCapacity: 32768
[DEBUG] [24/11/2022 19:10:30[main] PooledByteBufAllocator:io.netty.buffer.PooledByteBufAllocator.<clinit>(PooledByteBufAllocator.java:171)] - 
-Dio.netty.allocator.cacheTrimInterval: 8192
[DEBUG] [24/11/2022 19:10:30[main] PooledByteBufAllocator:io.netty.buffer.PooledByteBufAllocator.<clinit>(PooledByteBufAllocator.java:172)] - 
-Dio.netty.allocator.cacheTrimIntervalMillis: 0
[DEBUG] [24/11/2022 19:10:30[main] PooledByteBufAllocator:io.netty.buffer.PooledByteBufAllocator.<clinit>(PooledByteBufAllocator.java:173)] - 
-Dio.netty.allocator.useCacheForAllThreads: true
[DEBUG] [24/11/2022 19:10:30[main] PooledByteBufAllocator:io.netty.buffer.PooledByteBufAllocator.<clinit>(PooledByteBufAllocator.java:174)] - 
-Dio.netty.allocator.maxCachedByteBuffersPerChunk: 1023
[DEBUG] [24/11/2022 19:10:30[main] ByteBufUtil:io.netty.buffer.ByteBufUtil.<clinit>(ByteBufUtil.java:87)] - 
-Dio.netty.allocator.type: pooled
[DEBUG] [24/11/2022 19:10:30[main] ByteBufUtil:io.netty.buffer.ByteBufUtil.<clinit>(ByteBufUtil.java:96)] - 
-Dio.netty.threadLocalDirectBufferSize: 0
[DEBUG] [24/11/2022 19:10:30[main] ByteBufUtil:io.netty.buffer.ByteBufUtil.<clinit>(ByteBufUtil.java:99)] - 
-Dio.netty.maxThreadLocalCharBufferSize: 16384
[DEBUG] [24/11/2022 19:10:30[Forwarding newSession on session null to remote] DefaultChannelId:io.netty.channel.DefaultChannelId.<clinit>(DefaultChannelId.java:79)] - 
-Dio.netty.processId: 10049 (auto-detected)
[DEBUG] [24/11/2022 19:10:30[Forwarding newSession on session null to remote] NetUtil:io.netty.util.NetUtil.<clinit>(NetUtil.java:135)] - 
-Djava.net.preferIPv4Stack: false
[DEBUG] [24/11/2022 19:10:30[Forwarding newSession on session null to remote] NetUtil:io.netty.util.NetUtil.<clinit>(NetUtil.java:136)] - 
-Djava.net.preferIPv6Addresses: false
[DEBUG] [24/11/2022 19:10:30[Forwarding newSession on session null to remote] NetUtilInitializations:io.netty.util.NetUtilInitializations.determineLoopback(NetUtilInitializations.java:129)] - 
Loopback interface: lo (lo, 0:0:0:0:0:0:0:1%lo)
[DEBUG] [24/11/2022 19:10:30[Forwarding newSession on session null to remote] NetUtil:io.netty.util.NetUtil$1.run(NetUtil.java:169)] - 
/proc/sys/net/core/somaxconn: 4096
[DEBUG] [24/11/2022 19:10:30[Forwarding newSession on session null to remote] DefaultChannelId:io.netty.channel.DefaultChannelId.<clinit>(DefaultChannelId.java:101)] - 
-Dio.netty.machineId: e4:e7:49:ff:fe:bf:3a:81 (auto-detected)
[DEBUG] [24/11/2022 19:10:30[AsyncHttpClient-1-2] AbstractByteBuf:io.netty.buffer.AbstractByteBuf.<clinit>(AbstractByteBuf.java:63)] - 
-Dio.netty.buffer.checkAccessible: true
[DEBUG] [24/11/2022 19:10:30[AsyncHttpClient-1-2] AbstractByteBuf:io.netty.buffer.AbstractByteBuf.<clinit>(AbstractByteBuf.java:64)] - 
-Dio.netty.buffer.checkBounds: true
[DEBUG] [24/11/2022 19:10:30[AsyncHttpClient-1-2] ResourceLeakDetectorFactory:io.netty.util.ResourceLeakDetectorFactory$DefaultResourceLeakDetectorFactory.newResourceLeakDetector(ResourceLeakDetectorFactory.java:196)] - 
Loaded default ResourceLeakDetector: io.netty.util.ResourceLeakDetector@2dfc8260
[DEBUG] [24/11/2022 19:10:30[AsyncHttpClient-1-2] Recycler:io.netty.util.Recycler.<clinit>(Recycler.java:103)] - 
-Dio.netty.recycler.maxCapacityPerThread: 4096
[DEBUG] [24/11/2022 19:10:30[AsyncHttpClient-1-2] Recycler:io.netty.util.Recycler.<clinit>(Recycler.java:104)] - 
-Dio.netty.recycler.maxSharedCapacityFactor: 2
[DEBUG] [24/11/2022 19:10:30[AsyncHttpClient-1-2] Recycler:io.netty.util.Recycler.<clinit>(Recycler.java:105)] - 
-Dio.netty.recycler.linkCapacity: 16
[DEBUG] [24/11/2022 19:10:30[AsyncHttpClient-1-2] Recycler:io.netty.util.Recycler.<clinit>(Recycler.java:106)] - 
-Dio.netty.recycler.ratio: 8
[DEBUG] [24/11/2022 19:10:30[AsyncHttpClient-1-2] Recycler:io.netty.util.Recycler.<clinit>(Recycler.java:107)] - 
-Dio.netty.recycler.delayedQueue.ratio: 8
[DEBUG] [24/11/2022 19:10:31[AsyncHttpClient-1-2] Brotli:io.netty.handler.codec.compression.Brotli.<clinit>(Brotli.java:38)] - 
brotli4j not in the classpath; Brotli support will be unavailable.
[DEBUG] [24/11/2022 19:10:31[main] ThreadLocalRandom:io.netty.util.internal.ThreadLocalRandom.newSeed(ThreadLocalRandom.java:214)] - 
-Dio.netty.initialSeedUniquifier: 0x2e3e2947f44b258e
